0 info it worked if it ends with ok
1 verbose cli [ '/usr/bin/node', '/usr/bin/npm', 'install', '-g', 'foreman' ]
2 info using npm@1.4.28
3 info using node@v0.10.37
4 verbose node symlink /usr/bin/node
5 verbose cache add [ 'foreman', null ]
6 verbose cache add name=undefined spec="foreman" args=["foreman",null]
7 verbose parsed url { protocol: null,
7 verbose parsed url   slashes: null,
7 verbose parsed url   auth: null,
7 verbose parsed url   host: null,
7 verbose parsed url   port: null,
7 verbose parsed url   hostname: null,
7 verbose parsed url   hash: null,
7 verbose parsed url   search: null,
7 verbose parsed url   query: null,
7 verbose parsed url   pathname: 'foreman',
7 verbose parsed url   path: 'foreman',
7 verbose parsed url   href: 'foreman' }
8 silly lockFile faf84889-foreman foreman
9 verbose lock foreman /home/eu/.npm/faf84889-foreman.lock
10 silly lockFile faf84889-foreman foreman
11 silly lockFile faf84889-foreman foreman
12 verbose addNamed [ 'foreman', '' ]
13 verbose addNamed [ null, '*' ]
14 silly lockFile 055239d3-foreman foreman@
15 verbose lock foreman@ /home/eu/.npm/055239d3-foreman.lock
16 silly addNameRange { name: 'foreman', range: '*', hasData: false }
17 verbose request where is /foreman
18 verbose request registry https://registry.npmjs.org/
19 verbose request id f8a4fa9b58dc9e0c
20 verbose url raw /foreman
21 verbose url resolving [ 'https://registry.npmjs.org/', './foreman' ]
22 verbose url resolved https://registry.npmjs.org/foreman
23 verbose request where is https://registry.npmjs.org/foreman
24 info trying registry request attempt 1 at 18:10:47
25 verbose etag "CCI7PDGY8S66LMLDCOB24US13"
26 http GET https://registry.npmjs.org/foreman
27 http 304 https://registry.npmjs.org/foreman
28 silly registry.get cb [ 304,
28 silly registry.get   { date: 'Tue, 09 Jun 2015 16:10:47 GMT',
28 silly registry.get     via: '1.1 varnish',
28 silly registry.get     'cache-control': 'max-age=60',
28 silly registry.get     etag: '"CCI7PDGY8S66LMLDCOB24US13"',
28 silly registry.get     age: '0',
28 silly registry.get     connection: 'keep-alive',
28 silly registry.get     'x-served-by': 'cache-lcy1125-LCY',
28 silly registry.get     'x-cache': 'HIT',
28 silly registry.get     'x-cache-hits': '1',
28 silly registry.get     'x-timer': 'S1433866247.179280,VS0,VE377',
28 silly registry.get     vary: 'Accept' } ]
29 verbose etag https://registry.npmjs.org/foreman from cache
30 silly addNameRange number 2 { name: 'foreman', range: '*', hasData: true }
31 silly addNameRange versions [ 'foreman',
31 silly addNameRange   [ '0.0.0',
31 silly addNameRange     '0.0.1',
31 silly addNameRange     '0.0.2',
31 silly addNameRange     '0.0.3',
31 silly addNameRange     '0.0.4',
31 silly addNameRange     '0.0.5',
31 silly addNameRange     '0.0.6',
31 silly addNameRange     '0.0.8',
31 silly addNameRange     '0.0.9',
31 silly addNameRange     '0.0.10',
31 silly addNameRange     '0.0.11',
31 silly addNameRange     '0.0.12',
31 silly addNameRange     '0.0.13',
31 silly addNameRange     '0.0.14',
31 silly addNameRange     '0.0.15',
31 silly addNameRange     '0.0.16',
31 silly addNameRange     '0.0.17',
31 silly addNameRange     '0.0.18',
31 silly addNameRange     '0.0.19',
31 silly addNameRange     '0.0.20',
31 silly addNameRange     '0.0.21',
31 silly addNameRange     '0.0.22',
31 silly addNameRange     '0.0.23',
31 silly addNameRange     '0.0.24',
31 silly addNameRange     '0.0.25',
31 silly addNameRange     '0.0.26',
31 silly addNameRange     '0.0.27',
31 silly addNameRange     '0.1.0',
31 silly addNameRange     '0.1.1',
31 silly addNameRange     '0.1.2',
31 silly addNameRange     '0.2.0',
31 silly addNameRange     '0.2.1',
31 silly addNameRange     '0.3.0',
31 silly addNameRange     '0.4.0',
31 silly addNameRange     '0.4.1',
31 silly addNameRange     '0.4.2',
31 silly addNameRange     '1.0.0',
31 silly addNameRange     '1.1.0',
31 silly addNameRange     '1.2.0',
31 silly addNameRange     '1.2.1',
31 silly addNameRange     '1.3.0',
31 silly addNameRange     '1.4.0' ] ]
32 verbose addNamed [ 'foreman', '1.4.0' ]
33 verbose addNamed [ '1.4.0', '1.4.0' ]
34 silly lockFile 3a21319d-foreman-1-4-0 foreman@1.4.0
35 verbose lock foreman@1.4.0 /home/eu/.npm/3a21319d-foreman-1-4-0.lock
36 silly lockFile 3a21319d-foreman-1-4-0 foreman@1.4.0
37 silly lockFile 3a21319d-foreman-1-4-0 foreman@1.4.0
38 silly lockFile 055239d3-foreman foreman@
39 silly lockFile 055239d3-foreman foreman@
40 silly resolved [ { name: 'foreman',
40 silly resolved     version: '1.4.0',
40 silly resolved     homepage: 'http://strongloop.github.io/node-foreman/',
40 silly resolved     description: 'Node Implementation of Foreman',
40 silly resolved     author: { name: 'StrongLoop, Inc.' },
40 silly resolved     license: 'MIT',
40 silly resolved     keywords: [ 'foreman', 'upstart', 'commandline', 'env', 'Procfile' ],
40 silly resolved     bin: { nf: 'nf.js' },
40 silly resolved     scripts:
40 silly resolved      { test: 'tap test',
40 silly resolved        lint: 'jshint *.js lib/*.js',
40 silly resolved        travis: 'npm test && npm run lint' },
40 silly resolved     dependencies:
40 silly resolved      { commander: '~2.1.0',
40 silly resolved        'http-proxy': '~1.0.3',
40 silly resolved        mu2: '~0.5.20',
40 silly resolved        'shell-quote': '~1.4.2' },
40 silly resolved     repository:
40 silly resolved      { type: 'git',
40 silly resolved        url: 'git+https://github.com/strongloop/node-foreman.git' },
40 silly resolved     bugs:
40 silly resolved      { url: 'https://github.com/strongloop/node-foreman/issues',
40 silly resolved        email: 'callback@strongloop.com' },
40 silly resolved     engines: { node: '>=0.6.9' },
40 silly resolved     preferGlobal: true,
40 silly resolved     devDependencies:
40 silly resolved      { chai: '~1.9.1',
40 silly resolved        jshint: '^2.6.3',
40 silly resolved        rimraf: '~2.2.8',
40 silly resolved        tap: '~0.4.8' },
40 silly resolved     gitHead: '415a70e9651d6a359ffa908cdb8125acc04e9346',
40 silly resolved     _id: 'foreman@1.4.0',
40 silly resolved     _shasum: '3ce46cdd871ecee54841e485d4c1a44356c83c92',
40 silly resolved     _from: 'foreman@',
40 silly resolved     _npmVersion: '2.8.3',
40 silly resolved     _nodeVersion: '0.10.38',
40 silly resolved     _npmUser: { name: 'rmg', email: 'r.m.graham@gmail.com' },
40 silly resolved     maintainers: [ [Object], [Object], [Object] ],
40 silly resolved     dist:
40 silly resolved      { shasum: '3ce46cdd871ecee54841e485d4c1a44356c83c92',
40 silly resolved        tarball: 'http://registry.npmjs.org/foreman/-/foreman-1.4.0.tgz' },
40 silly resolved     directories: {},
40 silly resolved     _resolved: 'https://registry.npmjs.org/foreman/-/foreman-1.4.0.tgz',
40 silly resolved     readme: 'ERROR: No README data found!' } ]
41 info install foreman@1.4.0 into /usr/lib
42 info installOne foreman@1.4.0
43 verbose lib/node_modules/foreman unbuild
44 verbose tar unpack /home/eu/.npm/foreman/1.4.0/package.tgz
45 silly lockFile c538932c-tar-usr-lib-node-modules-foreman tar:///usr/lib/node_modules/foreman
46 verbose lock tar:///usr/lib/node_modules/foreman /home/eu/.npm/c538932c-tar-usr-lib-node-modules-foreman.lock
47 silly lockFile 087772d8-eu-npm-foreman-1-4-0-package-tgz tar:///home/eu/.npm/foreman/1.4.0/package.tgz
48 verbose lock tar:///home/eu/.npm/foreman/1.4.0/package.tgz /home/eu/.npm/087772d8-eu-npm-foreman-1-4-0-package-tgz.lock
49 silly gunzTarPerm modes [ '775', '664' ]
50 error Error: EACCES, mkdir '/usr/lib/node_modules/foreman'
50 error  { [Error: EACCES, mkdir '/usr/lib/node_modules/foreman']
50 error   errno: 3,
50 error   code: 'EACCES',
50 error   path: '/usr/lib/node_modules/foreman',
50 error   fstream_type: 'Directory',
50 error   fstream_path: '/usr/lib/node_modules/foreman',
50 error   fstream_class: 'DirWriter',
50 error   fstream_stack:
50 error    [ '/usr/lib/node_modules/npm/node_modules/fstream/lib/dir-writer.js:36:23',
50 error      '/usr/lib/node_modules/npm/node_modules/mkdirp/index.js:46:53',
50 error      'Object.oncomplete (fs.js:108:15)' ] }
51 error Please try running this command again as root/Administrator.
52 error System Linux 3.5.0-18-generic
53 error command "/usr/bin/node" "/usr/bin/npm" "install" "-g" "foreman"
54 error cwd /home/eu/Escritorio/DeSerNube/proxecto1
55 error node -v v0.10.37
56 error npm -v 1.4.28
57 error path /usr/lib/node_modules/foreman
58 error fstream_path /usr/lib/node_modules/foreman
59 error fstream_type Directory
60 error fstream_class DirWriter
61 error code EACCES
62 error errno 3
63 error stack Error: EACCES, mkdir '/usr/lib/node_modules/foreman'
64 error fstream_stack /usr/lib/node_modules/npm/node_modules/fstream/lib/dir-writer.js:36:23
64 error fstream_stack /usr/lib/node_modules/npm/node_modules/mkdirp/index.js:46:53
64 error fstream_stack Object.oncomplete (fs.js:108:15)
65 verbose exit [ 3, true ]
